[debug] [2022-04-14T15:48:23.903Z] ----------------------------------------------------------------------
[debug] [2022-04-14T15:48:23.905Z] Command:       C:\Program Files\nodejs\node.exe C:\Users\GCZ\AppData\Roaming\npm\node_modules\firebase-tools\lib\bin\firebase.js init
[debug] [2022-04-14T15:48:23.906Z] CLI Version:   10.6.0
[debug] [2022-04-14T15:48:23.906Z] Platform:      win32
[debug] [2022-04-14T15:48:23.906Z] Node Version:  v16.13.1
[debug] [2022-04-14T15:48:23.907Z] Time:          Thu Apr 14 2022 21:48:23 GMT+0600 (Bangladesh Standard Time)
[debug] [2022-04-14T15:48:23.907Z] ----------------------------------------------------------------------
[debug] 
[debug] [2022-04-14T15:48:23.912Z] >>> [apiv2][query] GET https://firebase-public.firebaseio.com/cli.json [none]
[debug] [2022-04-14T15:48:23.940Z] > command requires scopes: ["email","openid","https://www.googleapis.com/auth/cloudplatformprojects.readonly","https://www.googleapis.com/auth/firebase","https://www.googleapis.com/auth/cloud-platform"]
[debug] [2022-04-14T15:48:23.940Z] > authorizing via signed-in user (mailtobishwa15@gmail.com)
[info] 
     ######## #### ########  ######## ########     ###     ######  ########
     ##        ##  ##     ## ##       ##     ##  ##   ##  ##       ##
     ######    ##  ########  ######   ########  #########  ######  ######
     ##        ##  ##    ##  ##       ##     ## ##     ##       ## ##
     ##       #### ##     ## ######## ########  ##     ##  ######  ########

You're about to initialize a Firebase project in this directory:

  C:\reactprojects\genius-car-services-with-auth

Before we get started, keep in mind:

  * You are currently outside your home directory

[debug] [2022-04-14T15:48:24.945Z] <<< [apiv2][status] GET https://firebase-public.firebaseio.com/cli.json 200
[debug] [2022-04-14T15:48:24.946Z] <<< [apiv2][body] GET https://firebase-public.firebaseio.com/cli.json {"cloudBuildErrorAfter":1594252800000,"cloudBuildWarnAfter":1590019200000,"defaultNode10After":1594252800000,"minVersion":"3.0.5","node8DeploysDisabledAfter":1613390400000,"node8RuntimeDisabledAfter":1615809600000,"node8WarnAfter":1600128000000}
[info] 
=== Project Setup
[info] 
[info] First, let's associate this project directory with a Firebase project.
[info] You can create multiple project aliases by running firebase use --add, 
[info] but for now we'll just set up a default project.
[info] 
[debug] [2022-04-14T15:49:48.032Z] > refreshing access token with scopes: []
[debug] [2022-04-14T15:49:48.033Z] >>> HTTP REQUEST POST https://www.googleapis.com/oauth2/v3/token  
 <request body omitted>
[debug] [2022-04-14T15:49:48.784Z] <<< HTTP RESPONSE 200 {"expires":"Mon, 01 Jan 1990 00:00:00 GMT","cache-control":"no-cache, no-store, max-age=0, must-revalidate","pragma":"no-cache","date":"Thu, 14 Apr 2022 15:49:49 GMT","content-type":"application/json; charset=utf-8","vary":"X-Origin, Referer, Origin,Accept-Encoding","server":"scaffolding on HTTPServer2","x-xss-protection":"0","x-frame-options":"SAMEORIGIN","x-content-type-options":"nosniff","alt-svc":"h3=\":443\"; ma=2592000,h3-29=\":443\"; ma=2592000,h3-Q050=\":443\"; ma=2592000,h3-Q046=\":443\"; ma=2592000,h3-Q043=\":443\"; ma=2592000,quic=\":443\"; ma=2592000; v=\"46,43\"","accept-ranges":"none","transfer-encoding":"chunked"}
[debug] [2022-04-14T15:49:48.810Z] >>> [apiv2][query] GET https://firebase.googleapis.com/v1beta1/availableProjects pageSize=100
[debug] [2022-04-14T15:49:49.915Z] <<< [apiv2][status] GET https://firebase.googleapis.com/v1beta1/availableProjects 200
[debug] [2022-04-14T15:49:49.916Z] <<< [apiv2][body] GET https://firebase.googleapis.com/v1beta1/availableProjects [omitted]
[debug] [2022-04-14T15:51:33.321Z] > refreshing access token with scopes: ["email","https://www.googleapis.com/auth/cloud-platform","https://www.googleapis.com/auth/cloudplatformprojects.readonly","https://www.googleapis.com/auth/firebase","openid"]
[debug] [2022-04-14T15:51:33.321Z] >>> HTTP REQUEST POST https://www.googleapis.com/oauth2/v3/token  
 <request body omitted>
[debug] [2022-04-14T15:51:33.513Z] <<< HTTP RESPONSE 200 {"cache-control":"no-cache, no-store, max-age=0, must-revalidate","date":"Thu, 14 Apr 2022 15:51:34 GMT","pragma":"no-cache","expires":"Mon, 01 Jan 1990 00:00:00 GMT","content-type":"application/json; charset=utf-8","vary":"X-Origin, Referer, Origin,Accept-Encoding","server":"scaffolding on HTTPServer2","x-xss-protection":"0","x-frame-options":"SAMEORIGIN","x-content-type-options":"nosniff","alt-svc":"h3=\":443\"; ma=2592000,h3-29=\":443\"; ma=2592000,h3-Q050=\":443\"; ma=2592000,h3-Q046=\":443\"; ma=2592000,h3-Q043=\":443\"; ma=2592000,quic=\":443\"; ma=2592000; v=\"46,43\"","accept-ranges":"none","transfer-encoding":"chunked"}
[debug] [2022-04-14T15:51:33.535Z] >>> HTTP REQUEST POST https://firebase.googleapis.com/v1beta1/projects/stellar-mariner-212616:addFirebase  
 
[debug] [2022-04-14T15:51:35.618Z] <<< HTTP RESPONSE 200 {"content-type":"application/json; charset=UTF-8","vary":"X-Origin, Referer, Origin,Accept-Encoding","date":"Thu, 14 Apr 2022 15:51:36 GMT","server":"ESF","cache-control":"private","x-xss-protection":"0","x-frame-options":"SAMEORIGIN","x-content-type-options":"nosniff","alt-svc":"h3=\":443\"; ma=2592000,h3-29=\":443\"; ma=2592000,h3-Q050=\":443\"; ma=2592000,h3-Q046=\":443\"; ma=2592000,h3-Q043=\":443\"; ma=2592000,quic=\":443\"; ma=2592000; v=\"46,43\"","accept-ranges":"none","transfer-encoding":"chunked"}
[debug] [2022-04-14T15:51:35.623Z] > refreshing access token with scopes: []
[debug] [2022-04-14T15:51:35.626Z] >>> HTTP REQUEST POST https://www.googleapis.com/oauth2/v3/token  
 <request body omitted>
[debug] [2022-04-14T15:51:35.812Z] <<< HTTP RESPONSE 200 {"date":"Thu, 14 Apr 2022 15:51:36 GMT","cache-control":"no-cache, no-store, max-age=0, must-revalidate","expires":"Mon, 01 Jan 1990 00:00:00 GMT","pragma":"no-cache","content-type":"application/json; charset=utf-8","vary":"X-Origin, Referer, Origin,Accept-Encoding","server":"scaffolding on HTTPServer2","x-xss-protection":"0","x-frame-options":"SAMEORIGIN","x-content-type-options":"nosniff","alt-svc":"h3=\":443\"; ma=2592000,h3-29=\":443\"; ma=2592000,h3-Q050=\":443\"; ma=2592000,h3-Q046=\":443\"; ma=2592000,h3-Q043=\":443\"; ma=2592000,quic=\":443\"; ma=2592000; v=\"46,43\"","accept-ranges":"none","transfer-encoding":"chunked"}
[debug] [2022-04-14T15:51:35.833Z] >>> [apiv2][query] GET https://firebase.googleapis.com/v1beta1/operations/workflows/NjhkMWY4ZjgtNzFjYy00MGFmLTk2MzctZGM3MTBjN2U0ZjE5 [none]
[debug] [2022-04-14T15:51:36.783Z] <<< [apiv2][status] GET https://firebase.googleapis.com/v1beta1/operations/workflows/NjhkMWY4ZjgtNzFjYy00MGFmLTk2MzctZGM3MTBjN2U0ZjE5 200
[debug] [2022-04-14T15:51:36.783Z] <<< [apiv2][body] GET https://firebase.googleapis.com/v1beta1/operations/workflows/NjhkMWY4ZjgtNzFjYy00MGFmLTk2MzctZGM3MTBjN2U0ZjE5 {"name":"operations/workflows/NjhkMWY4ZjgtNzFjYy00MGFmLTk2MzctZGM3MTBjN2U0ZjE5"}
[debug] [2022-04-14T15:51:37.286Z] [Add Firebase Poller] Retrying task index 0
[debug] [2022-04-14T15:51:37.288Z] >>> [apiv2][query] GET https://firebase.googleapis.com/v1beta1/operations/workflows/NjhkMWY4ZjgtNzFjYy00MGFmLTk2MzctZGM3MTBjN2U0ZjE5 [none]
[debug] [2022-04-14T15:51:38.527Z] <<< [apiv2][status] GET https://firebase.googleapis.com/v1beta1/operations/workflows/NjhkMWY4ZjgtNzFjYy00MGFmLTk2MzctZGM3MTBjN2U0ZjE5 200
[debug] [2022-04-14T15:51:38.528Z] <<< [apiv2][body] GET https://firebase.googleapis.com/v1beta1/operations/workflows/NjhkMWY4ZjgtNzFjYy00MGFmLTk2MzctZGM3MTBjN2U0ZjE5 {"name":"operations/workflows/NjhkMWY4ZjgtNzFjYy00MGFmLTk2MzctZGM3MTBjN2U0ZjE5"}
[debug] [2022-04-14T15:51:39.528Z] [Add Firebase Poller] Retrying task index 0
[debug] [2022-04-14T15:51:39.529Z] >>> [apiv2][query] GET https://firebase.googleapis.com/v1beta1/operations/workflows/NjhkMWY4ZjgtNzFjYy00MGFmLTk2MzctZGM3MTBjN2U0ZjE5 [none]
[debug] [2022-04-14T15:51:40.382Z] <<< [apiv2][status] GET https://firebase.googleapis.com/v1beta1/operations/workflows/NjhkMWY4ZjgtNzFjYy00MGFmLTk2MzctZGM3MTBjN2U0ZjE5 200
[debug] [2022-04-14T15:51:40.383Z] <<< [apiv2][body] GET https://firebase.googleapis.com/v1beta1/operations/workflows/NjhkMWY4ZjgtNzFjYy00MGFmLTk2MzctZGM3MTBjN2U0ZjE5 {"name":"operations/workflows/NjhkMWY4ZjgtNzFjYy00MGFmLTk2MzctZGM3MTBjN2U0ZjE5"}
[debug] [2022-04-14T15:51:42.385Z] [Add Firebase Poller] Retrying task index 0
[debug] [2022-04-14T15:51:42.386Z] >>> [apiv2][query] GET https://firebase.googleapis.com/v1beta1/operations/workflows/NjhkMWY4ZjgtNzFjYy00MGFmLTk2MzctZGM3MTBjN2U0ZjE5 [none]
[debug] [2022-04-14T15:51:43.302Z] <<< [apiv2][status] GET https://firebase.googleapis.com/v1beta1/operations/workflows/NjhkMWY4ZjgtNzFjYy00MGFmLTk2MzctZGM3MTBjN2U0ZjE5 200
[debug] [2022-04-14T15:51:43.303Z] <<< [apiv2][body] GET https://firebase.googleapis.com/v1beta1/operations/workflows/NjhkMWY4ZjgtNzFjYy00MGFmLTk2MzctZGM3MTBjN2U0ZjE5 {"name":"operations/workflows/NjhkMWY4ZjgtNzFjYy00MGFmLTk2MzctZGM3MTBjN2U0ZjE5","done":true,"response":{"@type":"type.googleapis.com/google.firebase.service.v1beta1.FirebaseProject","projectId":"stellar-mariner-212616","projectNumber":"1021157643157","displayName":"meal","name":"projects/stellar-mariner-212616","resources":{"hostingSite":"stellar-mariner-212616"}}}
[info] 
[info] === Your Firebase project is ready! ===
[info] 
[info] Project information:
[info]    - Project ID: stellar-mariner-212616
[info]    - Project Name: meal
[info] 
[info] Firebase console is available at
[info] https://console.firebase.google.com/project/stellar-mariner-212616/overview
[info] i  Using project stellar-mariner-212616 (meal) 
[info] 
=== Hosting Setup
[info] 
[info] Your public directory is the folder (relative to your project directory) that
[info] will contain Hosting assets to be uploaded with firebase deploy. If you
[info] have a build process for your assets, use your build's output directory.
[info] 
[debug] [2022-04-14T15:52:11.855Z] Error: kill ENOSYS
    at process.kill (node:internal/process/per_thread:215:13)
    at process.listener (C:\Users\GCZ\AppData\Roaming\npm\node_modules\firebase-tools\node_modules\signal-exit\index.js:95:15)
    at process.emit (node:events:390:28)
[error] 
[error] Error: An unexpected error has occurred.
